<?xml version="1.0" encoding="utf-8"?>
<TestRun id="c5ec2be2-80cd-4d68-a0cb-8f27e139c5ba" name="lukas.kanka@NB-TP-1264 2023-02-09 09:10:29" runUser="UNIPROG\lukas.kanka" xmlns="http://microsoft.com/schemas/VisualStudio/TeamTest/2010">
  <Times creation="2023-02-09T09:10:29.2057805+01:00" queuing="2023-02-09T09:10:29.2057809+01:00" start="2023-02-09T09:10:11.4538048+01:00" finish="2023-02-09T09:10:29.2205828+01:00" />
  <TestSettings name="default" id="7fd88c62-196d-456b-b706-343a076135d7">
    <Deployment runDeploymentRoot="lukas.kanka_NB-TP-1264_2023-02-09_09_10_29" />
  </TestSettings>
  <Results>
    <UnitTestResult executionId="0f7fe56d-b4e4-4beb-8458-99d483831786" testId="6f7ec810-7e13-9fe3-b284-2a6adf74acdc" testName="Search.UnitTest1.Test1" computerName="NB-TP-1264" duration="00:00:14.5686845" startTime="2023-02-09T09:10:29.0212450+01:00" endTime="2023-02-09T09:10:29.0213046+01:00" testType="13cdc9d9-ddb5-4fa4-a97d-d965ccfc6d4b" outcome="Passed" testListId="8c84fa94-04c1-424b-9868-57a2d4851a1d" relativeResultsDirectory="0f7fe56d-b4e4-4beb-8458-99d483831786" />
  </Results>
  <TestDefinitions>
    <UnitTest name="Search.UnitTest1.Test1" storage="c:\testing.net\gitlab\testing\search_lukan_xunit\bin\debug\net7.0\search_lukan_xunit.dll" id="6f7ec810-7e13-9fe3-b284-2a6adf74acdc">
      <Execution id="0f7fe56d-b4e4-4beb-8458-99d483831786" />
      <TestMethod codeBase="C:\Testing.Net\GitLab\testing\Search_Lukan_xUnit\bin\Debug\net7.0\Search_Lukan_xUnit.dll" adapterTypeName="executor://xunit/VsTestRunner2/netcoreapp" className="Search.UnitTest1" name="Test1" />
    </UnitTest>
  </TestDefinitions>
  <TestEntries>
    <TestEntry testId="6f7ec810-7e13-9fe3-b284-2a6adf74acdc" executionId="0f7fe56d-b4e4-4beb-8458-99d483831786" testListId="8c84fa94-04c1-424b-9868-57a2d4851a1d" />
  </TestEntries>
  <TestLists>
    <TestList name="Výsledky neuvedené v seznamu" id="8c84fa94-04c1-424b-9868-57a2d4851a1d" />
    <TestList name="Všechny načtené výsledky" id="19431567-8539-422a-85d7-44ee4e166bda" />
  </TestLists>
  <ResultSummary outcome="Completed">
    <Counters total="1" executed="1" passed="1" failed="0" error="0" timeout="0" aborted="0" inconclusive="0" passedButRunAborted="0" notRunnable="0" notExecuted="0" disconnected="0" warning="0" completed="0" inProgress="0" pending="0" />
    <Output>
      <StdOut>[xUnit.net 00:00:00.00] xUnit.net VSTest Adapter v2.4.5+1caef2f33e (64-bit .NET 7.0.2)&#xD;
[xUnit.net 00:00:01.56]   Discovering: Search_Lukan_xUnit&#xD;
[xUnit.net 00:00:01.61]   Discovered:  Search_Lukan_xUnit&#xD;
[xUnit.net 00:00:01.62]   Starting:    Search_Lukan_xUnit&#xD;
[xUnit.net 00:00:16.30]   Finished:    Search_Lukan_xUnit&#xD;
</StdOut>
    </Output>
  </ResultSummary>
</TestRun>