<?xml version="1.0" encoding="utf-8"?>
<TestRun id="e0e5230f-f153-45ac-a58d-f03d6e77b400" name="lukas.kanka@NB-TP-1264 2023-02-09 11:07:07" runUser="UNIPROG\lukas.kanka" xmlns="http://microsoft.com/schemas/VisualStudio/TeamTest/2010">
  <Times creation="2023-02-09T11:07:07.2385145+01:00" queuing="2023-02-09T11:07:07.2385152+01:00" start="2023-02-09T11:06:39.3541818+01:00" finish="2023-02-09T11:07:07.2734290+01:00" />
  <TestSettings name="default" id="4131e8ed-9595-4e35-8e24-a1d9a63c78a5">
    <Deployment runDeploymentRoot="lukas.kanka_NB-TP-1264_2023-02-09_11_07_07" />
  </TestSettings>
  <Results>
    <UnitTestResult executionId="35b5e249-8410-4355-9022-4fb0932fe893" testId="6f7ec810-7e13-9fe3-b284-2a6adf74acdc" testName="Search.UnitTest1.Test1" computerName="NB-TP-1264" duration="00:00:21.4650182" startTime="2023-02-09T11:07:07.0508085+01:00" endTime="2023-02-09T11:07:07.0508823+01:00" testType="13cdc9d9-ddb5-4fa4-a97d-d965ccfc6d4b" outcome="Passed" testListId="8c84fa94-04c1-424b-9868-57a2d4851a1d" relativeResultsDirectory="35b5e249-8410-4355-9022-4fb0932fe893" />
  </Results>
  <TestDefinitions>
    <UnitTest name="Search.UnitTest1.Test1" storage="c:\testing.net\gitlab\testing\search_lukan_xunit\bin\debug\net7.0\search_lukan_xunit.dll" id="6f7ec810-7e13-9fe3-b284-2a6adf74acdc">
      <Execution id="35b5e249-8410-4355-9022-4fb0932fe893" />
      <TestMethod codeBase="C:\Testing.Net\GitLab\testing\Search_Lukan_xUnit\bin\Debug\net7.0\Search_Lukan_xUnit.dll" adapterTypeName="executor://xunit/VsTestRunner2/netcoreapp" className="Search.UnitTest1" name="Test1" />
    </UnitTest>
  </TestDefinitions>
  <TestEntries>
    <TestEntry testId="6f7ec810-7e13-9fe3-b284-2a6adf74acdc" executionId="35b5e249-8410-4355-9022-4fb0932fe893" testListId="8c84fa94-04c1-424b-9868-57a2d4851a1d" />
  </TestEntries>
  <TestLists>
    <TestList name="Výsledky neuvedené v seznamu" id="8c84fa94-04c1-424b-9868-57a2d4851a1d" />
    <TestList name="Všechny načtené výsledky" id="19431567-8539-422a-85d7-44ee4e166bda" />
  </TestLists>
  <ResultSummary outcome="Completed">
    <Counters total="1" executed="1" passed="1" failed="0" error="0" timeout="0" aborted="0" inconclusive="0" passedButRunAborted="0" notRunnable="0" notExecuted="0" disconnected="0" warning="0" completed="0" inProgress="0" pending="0" />
    <Output>
      <StdOut>[xUnit.net 00:00:00.00] xUnit.net VSTest Adapter v2.4.5+1caef2f33e (64-bit .NET 7.0.2)&#xD;
[xUnit.net 00:00:04.22]   Discovering: Search_Lukan_xUnit&#xD;
[xUnit.net 00:00:04.28]   Discovered:  Search_Lukan_xUnit&#xD;
[xUnit.net 00:00:04.29]   Starting:    Search_Lukan_xUnit&#xD;
[xUnit.net 00:00:25.86]   Finished:    Search_Lukan_xUnit&#xD;
</StdOut>
    </Output>
  </ResultSummary>
</TestRun>